<?xml version="1.0" encoding="UTF-8"?>
<!-- Generated by org.testng.reporters.JUnitReportReporter -->
<testsuite hostname="DESKTOP-O79T7JQ" failures="0" tests="1" name="loanDepartment.PersonalLoanOne" time="0.023" errors="0" timestamp="2023-12-05T14:05:55 IST" skipped="0">
  <testcase classname="loanDepartment.PersonalLoanOne" name="testSecond" time="0.023"/>
  <system-out/>
</testsuite> <!-- loanDepartment.PersonalLoanOne -->
