<?xml version="1.0" encoding="UTF-8"?>
<!-- Generated by org.testng.reporters.JUnitReportReporter -->
<testsuite hostname="DESKTOP-O79T7JQ" failures="0" tests="1" name="test.RunTestNGOne" time="0.002" errors="0" timestamp="2023-12-05T12:18:14 IST" skipped="0">
  <testcase classname="test.RunTestNGOne" name="testOne" time="0.002"/>
  <system-out/>
</testsuite> <!-- test.RunTestNGOne -->
