<?xml version="1.0" encoding="UTF-8"?>
<!-- Generated by org.testng.reporters.JUnitReportReporter -->
<testsuite hostname="DESKTOP-O79T7JQ" failures="0" tests="1" name="loanDepartment.PersonalLoanTwo" time="0.004" errors="0" timestamp="2023-12-05T13:39:52 IST" skipped="0">
  <testcase classname="loanDepartment.PersonalLoanTwo" name="testOne" time="0.004"/>
  <system-out/>
</testsuite> <!-- loanDepartment.PersonalLoanTwo -->
