<?xml version="1.0" encoding="UTF-8"?>
<!-- Generated by org.testng.reporters.JUnitReportReporter -->
<testsuite hostname="DESKTOP-O79T7JQ" failures="0" tests="2" name="loanDepartment.PersonalLoanOne" time="0.010" errors="0" timestamp="2023-12-05T13:12:24 IST" skipped="0">
  <testcase classname="loanDepartment.PersonalLoanOne" name="testOne" time="0.004"/>
  <system-out/>
  <testcase classname="loanDepartment.PersonalLoanOne" name="testSecond" time="0.006"/>
  <system-out/>
</testsuite> <!-- loanDepartment.PersonalLoanOne -->
