<?xml version="1.0" encoding="UTF-8"?>
<!-- Generated by org.testng.reporters.JUnitReportReporter -->
<testsuite hostname="DESKTOP-O79T7JQ" failures="0" tests="3" name="loanDepartment.LoginHome" time="0.008" errors="0" timestamp="2023-12-05T13:12:24 IST" skipped="0">
  <testcase classname="loanDepartment.LoginHome" name="webLoginHomeLoan" time="0.003"/>
  <system-out/>
  <testcase classname="loanDepartment.LoginHome" name="loginAPIHomeLoan" time="0.003"/>
  <system-out/>
  <testcase classname="loanDepartment.LoginHome" name="MobileLoginHomeLoan" time="0.002"/>
  <system-out/>
</testsuite> <!-- loanDepartment.LoginHome -->
