<?xml version="1.0" encoding="UTF-8"?>
<!-- Generated by org.testng.reporters.JUnitReportReporter -->
<testsuite hostname="DESKTOP-O79T7JQ" failures="0" tests="2" name="test.RunTestNG" time="0.017" errors="0" timestamp="2023-12-05T12:18:14 IST" skipped="0">
  <testcase classname="test.RunTestNG" name="testSecond" time="0.004"/>
  <system-out/>
  <testcase classname="test.RunTestNG" name="testOne" time="0.013"/>
  <system-out/>
</testsuite> <!-- test.RunTestNG -->
