<?xml version="1.0" encoding="UTF-8"?>
<!-- Generated by org.testng.reporters.JUnitReportReporter -->
<testsuite hostname="DESKTOP-O79T7JQ" failures="0" tests="2" name="loanDepartment.LoginHome" time="0.009" errors="0" timestamp="2023-12-05T14:05:55 IST" skipped="0">
  <testcase classname="loanDepartment.LoginHome" name="webLoginHomeLoan" time="0.006"/>
  <system-out/>
  <testcase classname="loanDepartment.LoginHome" name="loginAPIHomeLoan" time="0.003"/>
  <system-out/>
</testsuite> <!-- loanDepartment.LoginHome -->
