<?xml version="1.0" encoding="UTF-8"?>
<!-- Generated by org.testng.reporters.JUnitReportReporter -->
<testsuite hostname="DESKTOP-O79T7JQ" failures="0" tests="3" name="loanDepartment.LoginCar" time="0.026" errors="0" timestamp="2023-12-05T13:44:02 IST" skipped="0">
  <testcase classname="loanDepartment.LoginCar" name="loginAPICarLoan" time="0.005"/>
  <system-out/>
  <testcase classname="loanDepartment.LoginCar" name="MobileLoginCarLoan" time="0.015"/>
  <system-out/>
  <testcase classname="loanDepartment.LoginCar" name="webLoginCarLoan" time="0.006"/>
  <system-out/>
</testsuite> <!-- loanDepartment.LoginCar -->
